Using pre-set license
Desktop is 1920 x 1080 @ 60 Hz

 COMMAND LINE ARGUMENTS:
Unity
-adb2
-batchMode
-noUpm
-name
AssetImportWorker0
-projectPath
/home/beast1/Jaco_Robotic_Arm/Jaco_arm
-logFile
Logs/AssetImportWorker0.log
-srvPort
44295
Successfully changed project path to: /home/beast1/Jaco_Robotic_Arm/Jaco_arm
/home/beast1/Jaco_Robotic_Arm/Jaco_arm
Using Asset Import Pipeline V2.
Refreshing native plugins compatible for Editor in 24,01 ms, found 2 plugins.
Preloading 0 native plugins for Editor in 0,00 ms.
Initialize engine version: 2020.3.11f1 (99c7afb366b3)
[Subsystems] Discovering subsystems at path /home/beast1/Unity/Hub/Editor/2020.3.11f1/Editor/Data/Resources/UnitySubsystems
[Subsystems] Discovering subsystems at path /home/beast1/Jaco_Robotic_Arm/Jaco_arm/Assets
GLX Extensions: GLX_ARB_create_context GLX_ARB_create_context_no_error GLX_ARB_create_context_profile GLX_ARB_create_context_robustness GLX_ARB_fbconfig_float GLX_ARB_framebuffer_sRGB GLX_ARB_get_proc_address GLX_ARB_multisample GLX_EXT_buffer_age GLX_EXT_create_context_es2_profile GLX_EXT_create_context_es_profile GLX_EXT_fbconfig_packed_float GLX_EXT_framebuffer_sRGB GLX_EXT_import_context GLX_EXT_no_config_context GLX_EXT_swap_control GLX_EXT_swap_control_tear GLX_EXT_texture_from_pixmap GLX_EXT_visual_info GLX_EXT_visual_rating GLX_INTEL_swap_event GLX_MESA_copy_sub_buffer GLX_MESA_query_renderer GLX_MESA_swap_control GLX_OML_swap_method GLX_OML_sync_control GLX_SGIS_multisample GLX_SGIX_fbconfig GLX_SGIX_pbuffer GLX_SGIX_visual_select_group GLX_SGI_make_current_read GLX_SGI_swap_control GLX_SGI_video_sync 
Renderer: AMD YELLOW_CARP (DRM 3.42.0, 5.15.0-78-generic, LLVM 12.0.0)
Vendor:   AMD
Version:  4.6 (Core Profile) Mesa 21.2.6
GLES:     0
 GL_AMD_conservative_depth GL_AMD_depth_clamp_separate GL_AMD_draw_buffers_blend GL_AMD_framebuffer_multisample_advanced GL_AMD_gpu_shader_int64 GL_AMD_multi_draw_indirect GL_AMD_performance_monitor GL_AMD_pinned_memory GL_AMD_query_buffer_object GL_AMD_seamless_cubemap_per_texture GL_AMD_shader_stencil_export GL_AMD_shader_trinary_minmax GL_AMD_texture_texture4 GL_AMD_vertex_shader_layer GL_AMD_vertex_shader_viewport_index GL_ANGLE_texture_compression_dxt3 GL_ANGLE_texture_compression_dxt5 GL_ARB_ES2_compatibility GL_ARB_ES3_1_compatibility GL_ARB_ES3_2_compatibility GL_ARB_ES3_compatibility GL_ARB_arrays_of_arrays GL_ARB_base_instance GL_ARB_bindless_texture GL_ARB_blend_func_extended GL_ARB_buffer_storage GL_ARB_clear_buffer_object GL_ARB_clear_texture GL_ARB_clip_control GL_ARB_color_buffer_float GL_ARB_compressed_texture_pixel_storage GL_ARB_compute_shader GL_ARB_compute_variable_group_size GL_ARB_conditional_render_inverted GL_ARB_conservative_depth GL_ARB_copy_buffer GL_ARB_copy_image GL_ARB_cull_dist
ance GL_ARB_debug_output GL_ARB_depth_buffer_float GL_ARB_depth_clamp GL_ARB_derivative_control GL_ARB_direct_state_access GL_ARB_draw_buffers GL_ARB_draw_buffers_blend GL_ARB_draw_elements_base_vertex GL_ARB_draw_indirect GL_ARB_draw_instanced GL_ARB_enhanced_layouts GL_ARB_explicit_attrib_location GL_ARB_explicit_uniform_location GL_ARB_fragment_coord_conventions GL_ARB_fragment_layer_viewport GL_ARB_fragment_shader GL_ARB_framebuffer_no_attachments GL_ARB_framebuffer_object GL_ARB_framebuffer_sRGB GL_ARB_get_program_binary GL_ARB_get_texture_sub_image GL_ARB_gl_spirv GL_ARB_gpu_shader5 GL_ARB_gpu_shader_fp64 GL_ARB_gpu_shader_int64 GL_ARB_half_float_pixel GL_ARB_half_float_vertex GL_ARB_indirect_parameters GL_ARB_instanced_arrays GL_ARB_internalformat_query GL_ARB_internalformat_query2 GL_ARB_invalidate_subdata GL_ARB_map_buffer_alignment GL_ARB_map_buffer_range GL_ARB_multi_bind GL_ARB_multi_draw_indirect GL_ARB_occlusion_query2 GL_ARB_parallel_shader_compile GL_ARB_pipeline_statistics_query GL_ARB_pixel
_buffer_object GL_ARB_point_sprite GL_ARB_polygon_offset_clamp GL_ARB_post_depth_coverage GL_ARB_program_interface_query GL_ARB_provoking_vertex GL_ARB_query_buffer_object GL_ARB_robust_buffer_access_behavior GL_ARB_robustness GL_ARB_sample_shading GL_ARB_sampler_objects GL_ARB_seamless_cube_map GL_ARB_seamless_cubemap_per_texture GL_ARB_separate_shader_objects GL_ARB_shader_atomic_counter_ops GL_ARB_shader_atomic_counters GL_ARB_shader_ballot GL_ARB_shader_bit_encoding GL_ARB_shader_clock GL_ARB_shader_draw_parameters GL_ARB_shader_group_vote GL_ARB_shader_image_load_store GL_ARB_shader_image_size GL_ARB_shader_objects GL_ARB_shader_precision GL_ARB_shader_stencil_export GL_ARB_shader_storage_buffer_object GL_ARB_shader_subroutine GL_ARB_shader_texture_image_samples GL_ARB_shader_texture_lod GL_ARB_shader_viewport_layer_array GL_ARB_shading_language_420pack GL_ARB_shading_language_include GL_ARB_shading_language_packing GL_ARB_sparse_buffer GL_ARB_spirv_extensions GL_ARB_stencil_texturing GL_ARB_sync GL_ARB
_tessellation_shader GL_ARB_texture_barrier GL_ARB_texture_buffer_object GL_ARB_texture_buffer_object_rgb32 GL_ARB_texture_buffer_range GL_ARB_texture_compression_bptc GL_ARB_texture_compression_rgtc GL_ARB_texture_cube_map_array GL_ARB_texture_filter_anisotropic GL_ARB_texture_float GL_ARB_texture_gather GL_ARB_texture_mirror_clamp_to_edge GL_ARB_texture_multisample GL_ARB_texture_non_power_of_two GL_ARB_texture_query_levels GL_ARB_texture_query_lod GL_ARB_texture_rectangle GL_ARB_texture_rg GL_ARB_texture_rgb10_a2ui GL_ARB_texture_stencil8 GL_ARB_texture_storage GL_ARB_texture_storage_multisample GL_ARB_texture_swizzle GL_ARB_texture_view GL_ARB_timer_query GL_ARB_transform_feedback2 GL_ARB_transform_feedback3 GL_ARB_transform_feedback_instanced GL_ARB_transform_feedback_overflow_query GL_ARB_uniform_buffer_object GL_ARB_vertex_array_bgra GL_ARB_vertex_array_object GL_ARB_vertex_attrib_64bit GL_ARB_vertex_attrib_binding GL_ARB_vertex_buffer_object GL_ARB_vertex_shader GL_ARB_vertex_type_10f_11f_11f_rev GL_
ARB_vertex_type_2_10_10_10_rev GL_ARB_viewport_array GL_ATI_blend_equation_separate GL_ATI_meminfo GL_ATI_texture_float GL_ATI_texture_mirror_once GL_EXT_EGL_image_storage GL_EXT_EGL_sync GL_EXT_abgr GL_EXT_blend_equation_separate GL_EXT_demote_to_helper_invocation GL_EXT_depth_bounds_test GL_EXT_draw_buffers2 GL_EXT_draw_instanced GL_EXT_framebuffer_blit GL_EXT_framebuffer_multisample GL_EXT_framebuffer_multisample_blit_scaled GL_EXT_framebuffer_object GL_EXT_framebuffer_sRGB GL_EXT_memory_object GL_EXT_memory_object_fd GL_EXT_packed_depth_stencil GL_EXT_packed_float GL_EXT_pixel_buffer_object GL_EXT_polygon_offset_clamp GL_EXT_provoking_vertex GL_EXT_semaphore GL_EXT_semaphore_fd GL_EXT_shader_image_load_formatted GL_EXT_shader_image_load_store GL_EXT_shader_integer_mix GL_EXT_shader_samples_identical GL_EXT_texture_array GL_EXT_texture_compression_dxt1 GL_EXT_texture_compression_rgtc GL_EXT_texture_compression_s3tc GL_EXT_texture_filter_anisotropic GL_EXT_texture_integer GL_EXT_texture_mirror_clamp GL_EXT
_texture_sRGB GL_EXT_texture_sRGB_R8 GL_EXT_texture_sRGB_decode GL_EXT_texture_shadow_lod GL_EXT_texture_shared_exponent GL_EXT_texture_snorm GL_EXT_texture_swizzle GL_EXT_timer_query GL_EXT_transform_feedback GL_EXT_vertex_array_bgra GL_EXT_vertex_attrib_64bit GL_EXT_window_rectangles GL_IBM_multimode_draw_arrays GL_INTEL_blackhole_render GL_KHR_blend_equation_advanced GL_KHR_context_flush_control GL_KHR_debug GL_KHR_no_error GL_KHR_parallel_shader_compile GL_KHR_robust_buffer_access_behavior GL_KHR_robustness GL_KHR_texture_compression_astc_ldr GL_KHR_texture_compression_astc_sliced_3d GL_MESA_framebuffer_flip_y GL_MESA_pack_invert GL_MESA_shader_integer_functions GL_MESA_texture_signed_rgba GL_NVX_gpu_memory_info GL_NV_alpha_to_coverage_dither_control GL_NV_compute_shader_derivatives GL_NV_conditional_render GL_NV_copy_image GL_NV_depth_clamp GL_NV_packed_depth_stencil GL_NV_shader_atomic_int64 GL_NV_texture_barrier GL_NV_vdpau_interop GL_OES_EGL_image GL_S3_s3tc
OPENGL LOG: Creating OpenGL 4.6 graphics device ; Context level  <OpenGL 4.5> ; Context handle -67618704
Initialize mono
Mono path[0] = '/home/beast1/Unity/Hub/Editor/2020.3.11f1/Editor/Data/Managed'
Mono path[1] = '/home/beast1/Unity/Hub/Editor/2020.3.11f1/Editor/Data/MonoBleedingEdge/lib/mono/unityjit'
Mono config path = '/home/beast1/Unity/Hub/Editor/2020.3.11f1/Editor/Data/MonoBleedingEdge/etc'
Using monoOptions --debugger-agent=transport=dt_socket,embedding=1,server=y,suspend=n,address=127.0.0.1:56582
Begin MonoManager ReloadAssembly
Registering precompiled unity dll's ...
Register platform support module: /home/beast1/Unity/Hub/Editor/2020.3.11f1/Editor/Data/PlaybackEngines/LinuxStandaloneSupport/UnityEditor.LinuxStandalone.Extensions.dll
Registered in 0,000755 seconds.
Native extension for LinuxStandalone target not found
Refreshing native plugins compatible for Editor in 26,43 ms, found 2 plugins.
Preloading 0 native plugins for Editor in 0,00 ms.
Mono: successfully reloaded assembly
- Completed reload, in  0,597 seconds
Platform modules already initialized, skipping
Registering precompiled user dll's ...
Registered in 0,001793 seconds.
Begin MonoManager ReloadAssembly
Native extension for LinuxStandalone target not found
Refreshing native plugins compatible for Editor in 24,56 ms, found 2 plugins.
Preloading 0 native plugins for Editor in 0,00 ms.
Mono: successfully reloaded assembly
- Completed reload, in  0,726 seconds
Platform modules already initialized, skipping
========================================================================
Worker process is ready to serve import requests
Launched and connected shader compiler UnityShaderCompiler after 0.01 seconds
Refreshing native plugins compatible for Editor in 0,52 ms, found 2 plugins.
Preloading 0 native plugins for Editor in 0,00 ms.
Unloading 1740 Unused Serialized files (Serialized files now loaded: 0)
System memory in use before: 69,5 MB.
System memory in use after: 69,5 MB.

Unloading 27 unused Assets to reduce memory usage. Loaded Objects now: 2167.
Total: 4,547579 ms (FindLiveObjects: 0,205545 ms CreateObjectMapping: 0,073478 ms MarkObjects: 3,929399 ms  DeleteObjects: 0,337292 ms)

========================================================================
Received Import Request.
  path: Assets/Environment/TargetFriction.physicMaterial
  artifactKey: Guid(0d150fc8e2069f5e982da849277fd943) Importer(815301076,1909f56bfc062723c751e8b465ee728b)
Start importing Assets/Environment/TargetFriction.physicMaterial using Guid(0d150fc8e2069f5e982da849277fd943) Importer(815301076,1909f56bfc062723c751e8b465ee728b)  -> (artifact id: '4f887d303a9f4d8cdfa7276a93715fdd') in 0,010694 seconds
  Import took 0,014173 seconds .

========================================================================
Received Prepare
Registering precompiled user dll's ...
Registered in 0,001818 seconds.
Begin MonoManager ReloadAssembly
Native extension for LinuxStandalone target not found
Refreshing native plugins compatible for Editor in 0,62 ms, found 2 plugins.
Preloading 0 native plugins for Editor in 0,00 ms.
Mono: successfully reloaded assembly
- Completed reload, in  1,033 seconds
Platform modules already initialized, skipping
Refreshing native plugins compatible for Editor in 0,63 ms, found 2 plugins.
Preloading 0 native plugins for Editor in 0,00 ms.
Unloading 1735 Unused Serialized files (Serialized files now loaded: 0)
System memory in use before: 69,4 MB.
System memory in use after: 69,4 MB.

Unloading 22 unused Assets to reduce memory usage. Loaded Objects now: 2170.
Total: 3,430764 ms (FindLiveObjects: 0,248266 ms CreateObjectMapping: 0,046056 ms MarkObjects: 2,994446 ms  DeleteObjects: 0,140473 ms)

========================================================================
Received Prepare
Registering precompiled user dll's ...
Registered in 0,002895 seconds.
Begin MonoManager ReloadAssembly
Native extension for LinuxStandalone target not found
Refreshing native plugins compatible for Editor in 0,62 ms, found 2 plugins.
Preloading 0 native plugins for Editor in 0,00 ms.
Mono: successfully reloaded assembly
- Completed reload, in  0,918 seconds
Platform modules already initialized, skipping
Refreshing native plugins compatible for Editor in 0,72 ms, found 2 plugins.
Preloading 0 native plugins for Editor in 0,00 ms.
Unloading 1735 Unused Serialized files (Serialized files now loaded: 0)
System memory in use before: 69,5 MB.
System memory in use after: 69,5 MB.

Unloading 22 unused Assets to reduce memory usage. Loaded Objects now: 2173.
Total: 3,696813 ms (FindLiveObjects: 0,228238 ms CreateObjectMapping: 0,040957 ms MarkObjects: 3,288086 ms  DeleteObjects: 0,138470 ms)

========================================================================
Received Prepare
Registering precompiled user dll's ...
Registered in 0,001904 seconds.
Begin MonoManager ReloadAssembly
Native extension for LinuxStandalone target not found
Refreshing native plugins compatible for Editor in 0,38 ms, found 2 plugins.
Preloading 0 native plugins for Editor in 0,00 ms.
Mono: successfully reloaded assembly
- Completed reload, in  0,712 seconds
Platform modules already initialized, skipping
Refreshing native plugins compatible for Editor in 0,37 ms, found 2 plugins.
Preloading 0 native plugins for Editor in 0,00 ms.
Unloading 1735 Unused Serialized files (Serialized files now loaded: 0)
System memory in use before: 69,5 MB.
System memory in use after: 69,5 MB.

Unloading 22 unused Assets to reduce memory usage. Loaded Objects now: 2176.
Total: 2,682661 ms (FindLiveObjects: 0,234781 ms CreateObjectMapping: 0,062647 ms MarkObjects: 2,275368 ms  DeleteObjects: 0,108804 ms)

========================================================================
Received Prepare
Registering precompiled user dll's ...
Registered in 0,003076 seconds.
Begin MonoManager ReloadAssembly
Native extension for LinuxStandalone target not found
Refreshing native plugins compatible for Editor in 0,61 ms, found 2 plugins.
Preloading 0 native plugins for Editor in 0,00 ms.
Mono: successfully reloaded assembly
- Completed reload, in  1,100 seconds
Platform modules already initialized, skipping
Refreshing native plugins compatible for Editor in 0,59 ms, found 2 plugins.
Preloading 0 native plugins for Editor in 0,00 ms.
Unloading 1735 Unused Serialized files (Serialized files now loaded: 0)
System memory in use before: 69,5 MB.
System memory in use after: 69,5 MB.

Unloading 22 unused Assets to reduce memory usage. Loaded Objects now: 2179.
Total: 2,982653 ms (FindLiveObjects: 0,217227 ms CreateObjectMapping: 0,043632 ms MarkObjects: 2,598273 ms  DeleteObjects: 0,122830 ms)

========================================================================
Received Prepare
Registering precompiled user dll's ...
Registered in 0,001949 seconds.
Begin MonoManager ReloadAssembly
Native extension for LinuxStandalone target not found
Refreshing native plugins compatible for Editor in 0,43 ms, found 2 plugins.
Preloading 0 native plugins for Editor in 0,00 ms.
Mono: successfully reloaded assembly
- Completed reload, in  1,184 seconds
Platform modules already initialized, skipping
Refreshing native plugins compatible for Editor in 0,76 ms, found 2 plugins.
Preloading 0 native plugins for Editor in 0,00 ms.
Unloading 1735 Unused Serialized files (Serialized files now loaded: 0)
System memory in use before: 69,5 MB.
System memory in use after: 69,5 MB.

Unloading 22 unused Assets to reduce memory usage. Loaded Objects now: 2182.
Total: 3,857775 ms (FindLiveObjects: 0,232456 ms CreateObjectMapping: 0,040426 ms MarkObjects: 3,442847 ms  DeleteObjects: 0,141215 ms)

========================================================================
Received Prepare
Registering precompiled user dll's ...
Registered in 0,001762 seconds.
Begin MonoManager ReloadAssembly
Native extension for LinuxStandalone target not found
Refreshing native plugins compatible for Editor in 0,70 ms, found 2 plugins.
Preloading 0 native plugins for Editor in 0,00 ms.
Mono: successfully reloaded assembly
- Completed reload, in  0,894 seconds
Platform modules already initialized, skipping
Refreshing native plugins compatible for Editor in 0,41 ms, found 2 plugins.
Preloading 0 native plugins for Editor in 0,00 ms.
Unloading 1735 Unused Serialized files (Serialized files now loaded: 0)
System memory in use before: 69,5 MB.
System memory in use after: 69,5 MB.

Unloading 22 unused Assets to reduce memory usage. Loaded Objects now: 2185.
Total: 5,542765 ms (FindLiveObjects: 0,365866 ms CreateObjectMapping: 0,111860 ms MarkObjects: 4,922512 ms  DeleteObjects: 0,140543 ms)

========================================================================
Received Prepare
Registering precompiled user dll's ...
Registered in 0,002012 seconds.
Begin MonoManager ReloadAssembly
Native extension for LinuxStandalone target not found
Refreshing native plugins compatible for Editor in 0,43 ms, found 2 plugins.
Preloading 0 native plugins for Editor in 0,00 ms.
Mono: successfully reloaded assembly
- Completed reload, in  0,855 seconds
Platform modules already initialized, skipping
Refreshing native plugins compatible for Editor in 0,67 ms, found 2 plugins.
Preloading 0 native plugins for Editor in 0,00 ms.
Unloading 1735 Unused Serialized files (Serialized files now loaded: 0)
System memory in use before: 69,5 MB.
System memory in use after: 69,5 MB.

Unloading 22 unused Assets to reduce memory usage. Loaded Objects now: 2188.
Total: 5,915464 ms (FindLiveObjects: 0,357230 ms CreateObjectMapping: 0,065653 ms MarkObjects: 5,180796 ms  DeleteObjects: 0,309180 ms)

========================================================================
Received Prepare
Registering precompiled user dll's ...
Registered in 0,002763 seconds.
Begin MonoManager ReloadAssembly
Native extension for LinuxStandalone target not found
Refreshing native plugins compatible for Editor in 1,16 ms, found 2 plugins.
Preloading 0 native plugins for Editor in 0,00 ms.
Mono: successfully reloaded assembly
- Completed reload, in  1,140 seconds
Platform modules already initialized, skipping
Refreshing native plugins compatible for Editor in 0,91 ms, found 2 plugins.
Preloading 0 native plugins for Editor in 0,00 ms.
Unloading 1735 Unused Serialized files (Serialized files now loaded: 0)
System memory in use before: 69,5 MB.
System memory in use after: 69,5 MB.

Unloading 22 unused Assets to reduce memory usage. Loaded Objects now: 2191.
Total: 4,609315 ms (FindLiveObjects: 0,429416 ms CreateObjectMapping: 0,073397 ms MarkObjects: 3,936022 ms  DeleteObjects: 0,169007 ms)

========================================================================
Received Prepare
Registering precompiled user dll's ...
Registered in 0,001723 seconds.
Begin MonoManager ReloadAssembly
Native extension for LinuxStandalone target not found
Refreshing native plugins compatible for Editor in 0,72 ms, found 2 plugins.
Preloading 0 native plugins for Editor in 0,00 ms.
Mono: successfully reloaded assembly
- Completed reload, in  1,041 seconds
Platform modules already initialized, skipping
Refreshing native plugins compatible for Editor in 0,43 ms, found 2 plugins.
Preloading 0 native plugins for Editor in 0,00 ms.
Unloading 1735 Unused Serialized files (Serialized files now loaded: 0)
System memory in use before: 69,5 MB.
System memory in use after: 69,5 MB.

Unloading 22 unused Assets to reduce memory usage. Loaded Objects now: 2194.
Total: 2,577504 ms (FindLiveObjects: 0,155692 ms CreateObjectMapping: 0,031299 ms MarkObjects: 2,273303 ms  DeleteObjects: 0,116548 ms)

========================================================================
Received Prepare
Registering precompiled user dll's ...
Registered in 0,002982 seconds.
Begin MonoManager ReloadAssembly
Native extension for LinuxStandalone target not found
Refreshing native plugins compatible for Editor in 0,64 ms, found 2 plugins.
Preloading 0 native plugins for Editor in 0,00 ms.
Mono: successfully reloaded assembly
- Completed reload, in  0,931 seconds
Platform modules already initialized, skipping
Refreshing native plugins compatible for Editor in 0,65 ms, found 2 plugins.
Preloading 0 native plugins for Editor in 0,00 ms.
Unloading 1735 Unused Serialized files (Serialized files now loaded: 0)
System memory in use before: 69,5 MB.
System memory in use after: 69,5 MB.

Unloading 22 unused Assets to reduce memory usage. Loaded Objects now: 2197.
Total: 5,592929 ms (FindLiveObjects: 0,652434 ms CreateObjectMapping: 0,148849 ms MarkObjects: 4,633850 ms  DeleteObjects: 0,156484 ms)

========================================================================
Received Prepare
Registering precompiled user dll's ...
Registered in 0,002908 seconds.
Begin MonoManager ReloadAssembly
Native extension for LinuxStandalone target not found
Refreshing native plugins compatible for Editor in 0,61 ms, found 2 plugins.
Preloading 0 native plugins for Editor in 0,00 ms.
Mono: successfully reloaded assembly
- Completed reload, in  0,978 seconds
Platform modules already initialized, skipping
Refreshing native plugins compatible for Editor in 0,85 ms, found 2 plugins.
Preloading 0 native plugins for Editor in 0,00 ms.
Unloading 1735 Unused Serialized files (Serialized files now loaded: 0)
System memory in use before: 69,5 MB.
System memory in use after: 69,5 MB.

Unloading 22 unused Assets to reduce memory usage. Loaded Objects now: 2200.
Total: 3,996906 ms (FindLiveObjects: 0,239619 ms CreateObjectMapping: 0,044073 ms MarkObjects: 3,514511 ms  DeleteObjects: 0,197551 ms)

========================================================================
Received Prepare
Registering precompiled user dll's ...
Registered in 0,001825 seconds.
Begin MonoManager ReloadAssembly
Native extension for LinuxStandalone target not found
Refreshing native plugins compatible for Editor in 0,60 ms, found 2 plugins.
Preloading 0 native plugins for Editor in 0,00 ms.
Mono: successfully reloaded assembly
- Completed reload, in  0,822 seconds
Platform modules already initialized, skipping
Refreshing native plugins compatible for Editor in 0,52 ms, found 2 plugins.
Preloading 0 native plugins for Editor in 0,00 ms.
Unloading 1735 Unused Serialized files (Serialized files now loaded: 0)
System memory in use before: 69,5 MB.
System memory in use after: 69,5 MB.

Unloading 22 unused Assets to reduce memory usage. Loaded Objects now: 2203.
Total: 5,296303 ms (FindLiveObjects: 0,362690 ms CreateObjectMapping: 0,075852 ms MarkObjects: 4,689465 ms  DeleteObjects: 0,166883 ms)

========================================================================
Received Prepare
Registering precompiled user dll's ...
Registered in 0,001792 seconds.
Begin MonoManager ReloadAssembly
Native extension for LinuxStandalone target not found
Refreshing native plugins compatible for Editor in 0,39 ms, found 2 plugins.
Preloading 0 native plugins for Editor in 0,00 ms.
Mono: successfully reloaded assembly
- Completed reload, in  0,748 seconds
Platform modules already initialized, skipping
Refreshing native plugins compatible for Editor in 0,51 ms, found 2 plugins.
Preloading 0 native plugins for Editor in 0,00 ms.
Unloading 1735 Unused Serialized files (Serialized files now loaded: 0)
System memory in use before: 69,6 MB.
System memory in use after: 69,6 MB.

Unloading 22 unused Assets to reduce memory usage. Loaded Objects now: 2206.
Total: 2,700635 ms (FindLiveObjects: 0,205305 ms CreateObjectMapping: 0,061546 ms MarkObjects: 2,313459 ms  DeleteObjects: 0,119334 ms)

========================================================================
Received Prepare
Registering precompiled user dll's ...
Registered in 0,001855 seconds.
Begin MonoManager ReloadAssembly
Native extension for LinuxStandalone target not found
Refreshing native plugins compatible for Editor in 0,41 ms, found 2 plugins.
Preloading 0 native plugins for Editor in 0,00 ms.
Mono: successfully reloaded assembly
- Completed reload, in  0,861 seconds
Platform modules already initialized, skipping
Refreshing native plugins compatible for Editor in 0,67 ms, found 2 plugins.
Preloading 0 native plugins for Editor in 0,00 ms.
Unloading 1735 Unused Serialized files (Serialized files now loaded: 0)
System memory in use before: 69,6 MB.
System memory in use after: 69,6 MB.

Unloading 22 unused Assets to reduce memory usage. Loaded Objects now: 2209.
Total: 3,423581 ms (FindLiveObjects: 0,279144 ms CreateObjectMapping: 0,040245 ms MarkObjects: 2,978166 ms  DeleteObjects: 0,124203 ms)

========================================================================
Received Prepare
Registering precompiled user dll's ...
Registered in 0,002789 seconds.
Begin MonoManager ReloadAssembly
Native extension for LinuxStandalone target not found
Refreshing native plugins compatible for Editor in 0,62 ms, found 2 plugins.
Preloading 0 native plugins for Editor in 0,00 ms.
Mono: successfully reloaded assembly
- Completed reload, in  1,000 seconds
Platform modules already initialized, skipping
Refreshing native plugins compatible for Editor in 0,66 ms, found 2 plugins.
Preloading 0 native plugins for Editor in 0,00 ms.
Unloading 1735 Unused Serialized files (Serialized files now loaded: 0)
System memory in use before: 69,6 MB.
System memory in use after: 69,6 MB.

Unloading 22 unused Assets to reduce memory usage. Loaded Objects now: 2212.
Total: 3,133827 ms (FindLiveObjects: 0,212288 ms CreateObjectMapping: 0,042690 ms MarkObjects: 2,736162 ms  DeleteObjects: 0,141826 ms)

========================================================================
Received Prepare
Registering precompiled user dll's ...
Registered in 0,002839 seconds.
Begin MonoManager ReloadAssembly
Native extension for LinuxStandalone target not found
Refreshing native plugins compatible for Editor in 0,53 ms, found 2 plugins.
Preloading 0 native plugins for Editor in 0,00 ms.
Mono: successfully reloaded assembly
- Completed reload, in  1,066 seconds
Platform modules already initialized, skipping
Refreshing native plugins compatible for Editor in 0,67 ms, found 2 plugins.
Preloading 0 native plugins for Editor in 0,00 ms.
Unloading 1735 Unused Serialized files (Serialized files now loaded: 0)
System memory in use before: 69,6 MB.
System memory in use after: 69,6 MB.

Unloading 22 unused Assets to reduce memory usage. Loaded Objects now: 2215.
Total: 3,358117 ms (FindLiveObjects: 0,240000 ms CreateObjectMapping: 0,041779 ms MarkObjects: 2,904868 ms  DeleteObjects: 0,170369 ms)

========================================================================
Received Prepare
Registering precompiled user dll's ...
Registered in 0,002753 seconds.
Begin MonoManager ReloadAssembly
Native extension for LinuxStandalone target not found
Refreshing native plugins compatible for Editor in 0,73 ms, found 2 plugins.
Preloading 0 native plugins for Editor in 0,00 ms.
Mono: successfully reloaded assembly
- Completed reload, in  1,022 seconds
Platform modules already initialized, skipping
Refreshing native plugins compatible for Editor in 0,61 ms, found 2 plugins.
Preloading 0 native plugins for Editor in 0,00 ms.
Unloading 1735 Unused Serialized files (Serialized files now loaded: 0)
System memory in use before: 69,7 MB.
System memory in use after: 69,6 MB.

Unloading 22 unused Assets to reduce memory usage. Loaded Objects now: 2218.
Total: 3,680682 ms (FindLiveObjects: 0,234559 ms CreateObjectMapping: 0,042970 ms MarkObjects: 3,259964 ms  DeleteObjects: 0,142227 ms)

========================================================================
Received Prepare
Registering precompiled user dll's ...
Registered in 0,003143 seconds.
Begin MonoManager ReloadAssembly
Native extension for LinuxStandalone target not found
Refreshing native plugins compatible for Editor in 0,79 ms, found 2 plugins.
Preloading 0 native plugins for Editor in 0,00 ms.
Mono: successfully reloaded assembly
- Completed reload, in  1,158 seconds
Platform modules already initialized, skipping
Refreshing native plugins compatible for Editor in 0,91 ms, found 2 plugins.
Preloading 0 native plugins for Editor in 0,00 ms.
Unloading 1735 Unused Serialized files (Serialized files now loaded: 0)
System memory in use before: 69,7 MB.
System memory in use after: 69,7 MB.

Unloading 22 unused Assets to reduce memory usage. Loaded Objects now: 2221.
Total: 5,216292 ms (FindLiveObjects: 0,444273 ms CreateObjectMapping: 0,395472 ms MarkObjects: 4,213832 ms  DeleteObjects: 0,161653 ms)

========================================================================
Received Prepare
Registering precompiled user dll's ...
Registered in 0,001873 seconds.
Begin MonoManager ReloadAssembly
Native extension for LinuxStandalone target not found
Refreshing native plugins compatible for Editor in 0,43 ms, found 2 plugins.
Preloading 0 native plugins for Editor in 0,00 ms.
Mono: successfully reloaded assembly
- Completed reload, in  0,823 seconds
Platform modules already initialized, skipping
Refreshing native plugins compatible for Editor in 0,46 ms, found 2 plugins.
Preloading 0 native plugins for Editor in 0,00 ms.
Unloading 1735 Unused Serialized files (Serialized files now loaded: 0)
System memory in use before: 69,7 MB.
System memory in use after: 69,7 MB.

Unloading 22 unused Assets to reduce memory usage. Loaded Objects now: 2224.
Total: 5,713035 ms (FindLiveObjects: 0,274615 ms CreateObjectMapping: 0,068919 ms MarkObjects: 5,200874 ms  DeleteObjects: 0,167263 ms)

========================================================================
Received Prepare
Registering precompiled user dll's ...
Registered in 0,002067 seconds.
Begin MonoManager ReloadAssembly
Native extension for LinuxStandalone target not found
Refreshing native plugins compatible for Editor in 0,70 ms, found 2 plugins.
Preloading 0 native plugins for Editor in 0,00 ms.
Mono: successfully reloaded assembly
- Completed reload, in  0,827 seconds
Platform modules already initialized, skipping
Refreshing native plugins compatible for Editor in 0,71 ms, found 2 plugins.
Preloading 0 native plugins for Editor in 0,00 ms.
Unloading 1735 Unused Serialized files (Serialized files now loaded: 0)
System memory in use before: 69,7 MB.
System memory in use after: 69,7 MB.

Unloading 22 unused Assets to reduce memory usage. Loaded Objects now: 2227.
Total: 5,084947 ms (FindLiveObjects: 0,390342 ms CreateObjectMapping: 0,135213 ms MarkObjects: 4,425540 ms  DeleteObjects: 0,132408 ms)

========================================================================
Received Prepare
Registering precompiled user dll's ...
Registered in 0,003171 seconds.
Begin MonoManager ReloadAssembly
Native extension for LinuxStandalone target not found
Refreshing native plugins compatible for Editor in 0,74 ms, found 2 plugins.
Preloading 0 native plugins for Editor in 0,00 ms.
Mono: successfully reloaded assembly
- Completed reload, in  1,102 seconds
Platform modules already initialized, skipping
Refreshing native plugins compatible for Editor in 0,57 ms, found 2 plugins.
Preloading 0 native plugins for Editor in 0,00 ms.
Unloading 1735 Unused Serialized files (Serialized files now loaded: 0)
System memory in use before: 69,7 MB.
System memory in use after: 69,7 MB.

Unloading 22 unused Assets to reduce memory usage. Loaded Objects now: 2230.
Total: 4,487656 ms (FindLiveObjects: 0,184185 ms CreateObjectMapping: 0,037290 ms MarkObjects: 4,007787 ms  DeleteObjects: 0,257603 ms)

========================================================================
Received Prepare
Registering precompiled user dll's ...
Registered in 0,003346 seconds.
Begin MonoManager ReloadAssembly
Native extension for LinuxStandalone target not found
Refreshing native plugins compatible for Editor in 0,62 ms, found 2 plugins.
Preloading 0 native plugins for Editor in 0,00 ms.
Mono: successfully reloaded assembly
- Completed reload, in  1,144 seconds
Platform modules already initialized, skipping
Refreshing native plugins compatible for Editor in 0,96 ms, found 2 plugins.
Preloading 0 native plugins for Editor in 0,00 ms.
Unloading 1735 Unused Serialized files (Serialized files now loaded: 0)
System memory in use before: 69,7 MB.
System memory in use after: 69,7 MB.

Unloading 22 unused Assets to reduce memory usage. Loaded Objects now: 2233.
Total: 6,516741 ms (FindLiveObjects: 0,572744 ms CreateObjectMapping: 0,127720 ms MarkObjects: 5,584543 ms  DeleteObjects: 0,230071 ms)

========================================================================
Received Prepare
Registering precompiled user dll's ...
Registered in 0,003135 seconds.
Begin MonoManager ReloadAssembly
Native extension for LinuxStandalone target not found
Refreshing native plugins compatible for Editor in 0,72 ms, found 2 plugins.
Preloading 0 native plugins for Editor in 0,00 ms.
Mono: successfully reloaded assembly
- Completed reload, in  1,198 seconds
Platform modules already initialized, skipping
Refreshing native plugins compatible for Editor in 0,66 ms, found 2 plugins.
Preloading 0 native plugins for Editor in 0,00 ms.
Unloading 1735 Unused Serialized files (Serialized files now loaded: 0)
System memory in use before: 69,7 MB.
System memory in use after: 69,7 MB.

Unloading 22 unused Assets to reduce memory usage. Loaded Objects now: 2236.
Total: 3,875779 ms (FindLiveObjects: 0,236734 ms CreateObjectMapping: 0,044504 ms MarkObjects: 3,348139 ms  DeleteObjects: 0,245471 ms)

========================================================================
Received Prepare
Registering precompiled user dll's ...
Registered in 0,001873 seconds.
Begin MonoManager ReloadAssembly
Native extension for LinuxStandalone target not found
Refreshing native plugins compatible for Editor in 0,63 ms, found 2 plugins.
Preloading 0 native plugins for Editor in 0,00 ms.
Mono: successfully reloaded assembly
- Completed reload, in  1,110 seconds
Platform modules already initialized, skipping
Refreshing native plugins compatible for Editor in 0,68 ms, found 2 plugins.
Preloading 0 native plugins for Editor in 0,00 ms.
Unloading 1735 Unused Serialized files (Serialized files now loaded: 0)
System memory in use before: 69,7 MB.
System memory in use after: 69,7 MB.

Unloading 22 unused Assets to reduce memory usage. Loaded Objects now: 2239.
Total: 4,376387 ms (FindLiveObjects: 0,233408 ms CreateObjectMapping: 0,041969 ms MarkObjects: 3,930301 ms  DeleteObjects: 0,169889 ms)

========================================================================
Received Prepare
Registering precompiled user dll's ...
Registered in 0,002708 seconds.
Begin MonoManager ReloadAssembly
Native extension for LinuxStandalone target not found
Refreshing native plugins compatible for Editor in 0,68 ms, found 2 plugins.
Preloading 0 native plugins for Editor in 0,00 ms.
Mono: successfully reloaded assembly
- Completed reload, in  1,094 seconds
Platform modules already initialized, skipping
Refreshing native plugins compatible for Editor in 0,40 ms, found 2 plugins.
Preloading 0 native plugins for Editor in 0,00 ms.
Unloading 1735 Unused Serialized files (Serialized files now loaded: 0)
System memory in use before: 69,7 MB.
System memory in use after: 69,7 MB.

Unloading 22 unused Assets to reduce memory usage. Loaded Objects now: 2242.
Total: 5,855120 ms (FindLiveObjects: 0,239389 ms CreateObjectMapping: 0,067717 ms MarkObjects: 5,216423 ms  DeleteObjects: 0,330149 ms)

========================================================================
Received Prepare
Registering precompiled user dll's ...
Registered in 0,003034 seconds.
Begin MonoManager ReloadAssembly
Native extension for LinuxStandalone target not found
Refreshing native plugins compatible for Editor in 0,69 ms, found 2 plugins.
Preloading 0 native plugins for Editor in 0,00 ms.
Mono: successfully reloaded assembly
- Completed reload, in  1,119 seconds
Platform modules already initialized, skipping
Refreshing native plugins compatible for Editor in 0,45 ms, found 2 plugins.
Preloading 0 native plugins for Editor in 0,00 ms.
Unloading 1735 Unused Serialized files (Serialized files now loaded: 0)
System memory in use before: 69,7 MB.
System memory in use after: 69,7 MB.

Unloading 22 unused Assets to reduce memory usage. Loaded Objects now: 2245.
Total: 3,060590 ms (FindLiveObjects: 0,314590 ms CreateObjectMapping: 0,069280 ms MarkObjects: 2,429426 ms  DeleteObjects: 0,246362 ms)

========================================================================
Received Prepare
Registering precompiled user dll's ...
Registered in 0,003176 seconds.
Begin MonoManager ReloadAssembly
Native extension for LinuxStandalone target not found
Refreshing native plugins compatible for Editor in 0,69 ms, found 2 plugins.
Preloading 0 native plugins for Editor in 0,00 ms.
Mono: successfully reloaded assembly
- Completed reload, in  1,227 seconds
Platform modules already initialized, skipping
Refreshing native plugins compatible for Editor in 0,62 ms, found 2 plugins.
Preloading 0 native plugins for Editor in 0,00 ms.
Unloading 1735 Unused Serialized files (Serialized files now loaded: 0)
System memory in use before: 69,7 MB.
System memory in use after: 69,7 MB.

Unloading 22 unused Assets to reduce memory usage. Loaded Objects now: 2248.
Total: 8,074593 ms (FindLiveObjects: 0,361728 ms CreateObjectMapping: 0,082756 ms MarkObjects: 7,409375 ms  DeleteObjects: 0,219652 ms)

========================================================================
Received Prepare
Registering precompiled user dll's ...
Registered in 0,003240 seconds.
Begin MonoManager ReloadAssembly
Native extension for LinuxStandalone target not found
Refreshing native plugins compatible for Editor in 0,64 ms, found 2 plugins.
Preloading 0 native plugins for Editor in 0,00 ms.
Mono: successfully reloaded assembly
- Completed reload, in  1,136 seconds
Platform modules already initialized, skipping
Refreshing native plugins compatible for Editor in 0,67 ms, found 2 plugins.
Preloading 0 native plugins for Editor in 0,00 ms.
Unloading 1735 Unused Serialized files (Serialized files now loaded: 0)
System memory in use before: 69,7 MB.
System memory in use after: 69,7 MB.

Unloading 22 unused Assets to reduce memory usage. Loaded Objects now: 2251.
Total: 4,033394 ms (FindLiveObjects: 0,314520 ms CreateObjectMapping: 0,071344 ms MarkObjects: 3,478013 ms  DeleteObjects: 0,168476 ms)

========================================================================
Received Prepare
Registering precompiled user dll's ...
Registered in 0,003217 seconds.
Begin MonoManager ReloadAssembly
Native extension for LinuxStandalone target not found
Refreshing native plugins compatible for Editor in 0,98 ms, found 2 plugins.
Preloading 0 native plugins for Editor in 0,00 ms.
Mono: successfully reloaded assembly
- Completed reload, in  1,159 seconds
Platform modules already initialized, skipping
Refreshing native plugins compatible for Editor in 0,42 ms, found 2 plugins.
Preloading 0 native plugins for Editor in 0,00 ms.
Unloading 1735 Unused Serialized files (Serialized files now loaded: 0)
System memory in use before: 69,7 MB.
System memory in use after: 69,7 MB.

Unloading 22 unused Assets to reduce memory usage. Loaded Objects now: 2254.
Total: 3,186516 ms (FindLiveObjects: 0,357019 ms CreateObjectMapping: 0,034856 ms MarkObjects: 2,652604 ms  DeleteObjects: 0,139101 ms)

========================================================================
Received Prepare
Registering precompiled user dll's ...
Registered in 0,001763 seconds.
Begin MonoManager ReloadAssembly
Native extension for LinuxStandalone target not found
Refreshing native plugins compatible for Editor in 0,67 ms, found 2 plugins.
Preloading 0 native plugins for Editor in 0,00 ms.
Mono: successfully reloaded assembly
- Completed reload, in  1,195 seconds
Platform modules already initialized, skipping
Refreshing native plugins compatible for Editor in 0,65 ms, found 2 plugins.
Preloading 0 native plugins for Editor in 0,00 ms.
Unloading 1735 Unused Serialized files (Serialized files now loaded: 0)
System memory in use before: 69,7 MB.
System memory in use after: 69,7 MB.

Unloading 22 unused Assets to reduce memory usage. Loaded Objects now: 2257.
Total: 2,757711 ms (FindLiveObjects: 0,225423 ms CreateObjectMapping: 0,063208 ms MarkObjects: 2,330020 ms  DeleteObjects: 0,138068 ms)

========================================================================
Received Prepare
Registering precompiled user dll's ...
Registered in 0,003856 seconds.
Begin MonoManager ReloadAssembly
Native extension for LinuxStandalone target not found
Refreshing native plugins compatible for Editor in 0,78 ms, found 2 plugins.
Preloading 0 native plugins for Editor in 0,00 ms.
Mono: successfully reloaded assembly
- Completed reload, in  1,184 seconds
Platform modules already initialized, skipping
Refreshing native plugins compatible for Editor in 0,73 ms, found 2 plugins.
Preloading 0 native plugins for Editor in 0,00 ms.
Unloading 1735 Unused Serialized files (Serialized files now loaded: 0)
System memory in use before: 69,7 MB.
System memory in use after: 69,7 MB.

Unloading 22 unused Assets to reduce memory usage. Loaded Objects now: 2260.
Total: 5,403093 ms (FindLiveObjects: 0,747582 ms CreateObjectMapping: 0,086051 ms MarkObjects: 4,190529 ms  DeleteObjects: 0,377137 ms)

========================================================================
Received Prepare
Registering precompiled user dll's ...
Registered in 0,001971 seconds.
Begin MonoManager ReloadAssembly
Native extension for LinuxStandalone target not found
Refreshing native plugins compatible for Editor in 0,64 ms, found 2 plugins.
Preloading 0 native plugins for Editor in 0,00 ms.
Mono: successfully reloaded assembly
- Completed reload, in  1,287 seconds
Platform modules already initialized, skipping
Refreshing native plugins compatible for Editor in 0,40 ms, found 2 plugins.
Preloading 0 native plugins for Editor in 0,00 ms.
Unloading 1735 Unused Serialized files (Serialized files now loaded: 0)
System memory in use before: 69,7 MB.
System memory in use after: 69,7 MB.

Unloading 22 unused Assets to reduce memory usage. Loaded Objects now: 2263.
Total: 3,081108 ms (FindLiveObjects: 0,216366 ms CreateObjectMapping: 0,062036 ms MarkObjects: 2,569870 ms  DeleteObjects: 0,231815 ms)

========================================================================
Received Prepare
Registering precompiled user dll's ...
Registered in 0,002085 seconds.
Begin MonoManager ReloadAssembly
Native extension for LinuxStandalone target not found
Refreshing native plugins compatible for Editor in 0,66 ms, found 2 plugins.
Preloading 0 native plugins for Editor in 0,00 ms.
Mono: successfully reloaded assembly
- Completed reload, in  1,200 seconds
Platform modules already initialized, skipping
Refreshing native plugins compatible for Editor in 0,42 ms, found 2 plugins.
Preloading 0 native plugins for Editor in 0,00 ms.
Unloading 1735 Unused Serialized files (Serialized files now loaded: 0)
System memory in use before: 69,7 MB.
System memory in use after: 69,7 MB.

Unloading 22 unused Assets to reduce memory usage. Loaded Objects now: 2266.
Total: 3,224688 ms (FindLiveObjects: 0,271379 ms CreateObjectMapping: 0,044945 ms MarkObjects: 2,743625 ms  DeleteObjects: 0,163877 ms)

========================================================================
Received Prepare
Registering precompiled user dll's ...
Registered in 0,002997 seconds.
Begin MonoManager ReloadAssembly
Native extension for LinuxStandalone target not found
Refreshing native plugins compatible for Editor in 0,83 ms, found 2 plugins.
Preloading 0 native plugins for Editor in 0,00 ms.
Mono: successfully reloaded assembly
- Completed reload, in  0,997 seconds
Platform modules already initialized, skipping
Refreshing native plugins compatible for Editor in 0,67 ms, found 2 plugins.
Preloading 0 native plugins for Editor in 0,00 ms.
Unloading 1735 Unused Serialized files (Serialized files now loaded: 0)
System memory in use before: 69,7 MB.
System memory in use after: 69,7 MB.

Unloading 22 unused Assets to reduce memory usage. Loaded Objects now: 2269.
Total: 9,628106 ms (FindLiveObjects: 0,279484 ms CreateObjectMapping: 0,044924 ms MarkObjects: 9,116357 ms  DeleteObjects: 0,186179 ms)

========================================================================
Received Prepare
Registering precompiled user dll's ...
Registered in 0,003076 seconds.
Begin MonoManager ReloadAssembly
Native extension for LinuxStandalone target not found
Refreshing native plugins compatible for Editor in 0,79 ms, found 2 plugins.
Preloading 0 native plugins for Editor in 0,00 ms.
Mono: successfully reloaded assembly
- Completed reload, in  1,034 seconds
Platform modules already initialized, skipping
Refreshing native plugins compatible for Editor in 0,65 ms, found 2 plugins.
Preloading 0 native plugins for Editor in 0,00 ms.
Unloading 1735 Unused Serialized files (Serialized files now loaded: 0)
System memory in use before: 69,7 MB.
System memory in use after: 69,7 MB.

Unloading 22 unused Assets to reduce memory usage. Loaded Objects now: 2272.
Total: 4,299283 ms (FindLiveObjects: 0,259316 ms CreateObjectMapping: 0,047349 ms MarkObjects: 3,836204 ms  DeleteObjects: 0,155371 ms)

========================================================================
Received Prepare
Registering precompiled user dll's ...
Registered in 0,003016 seconds.
Begin MonoManager ReloadAssembly
Native extension for LinuxStandalone target not found
Refreshing native plugins compatible for Editor in 0,74 ms, found 2 plugins.
Preloading 0 native plugins for Editor in 0,00 ms.
Mono: successfully reloaded assembly
- Completed reload, in  0,965 seconds
Platform modules already initialized, skipping
Refreshing native plugins compatible for Editor in 0,67 ms, found 2 plugins.
Preloading 0 native plugins for Editor in 0,00 ms.
Unloading 1735 Unused Serialized files (Serialized files now loaded: 0)
System memory in use before: 69,7 MB.
System memory in use after: 69,7 MB.

Unloading 22 unused Assets to reduce memory usage. Loaded Objects now: 2275.
Total: 3,526634 ms (FindLiveObjects: 0,261621 ms CreateObjectMapping: 0,044633 ms MarkObjects: 3,076320 ms  DeleteObjects: 0,143339 ms)

========================================================================
Received Prepare
Registering precompiled user dll's ...
Registered in 0,003159 seconds.
Begin MonoManager ReloadAssembly
Native extension for LinuxStandalone target not found
Refreshing native plugins compatible for Editor in 0,52 ms, found 2 plugins.
Preloading 0 native plugins for Editor in 0,00 ms.
Mono: successfully reloaded assembly
- Completed reload, in  1,088 seconds
Platform modules already initialized, skipping
Refreshing native plugins compatible for Editor in 0,75 ms, found 2 plugins.
Preloading 0 native plugins for Editor in 0,00 ms.
Unloading 1735 Unused Serialized files (Serialized files now loaded: 0)
System memory in use before: 69,7 MB.
System memory in use after: 69,7 MB.

Unloading 22 unused Assets to reduce memory usage. Loaded Objects now: 2278.
Total: 13,552607 ms (FindLiveObjects: 0,987151 ms CreateObjectMapping: 0,066805 ms MarkObjects: 12,285791 ms  DeleteObjects: 0,210756 ms)

========================================================================
Received Prepare
Registering precompiled user dll's ...
Registered in 0,003189 seconds.
Begin MonoManager ReloadAssembly
Native extension for LinuxStandalone target not found
Refreshing native plugins compatible for Editor in 0,59 ms, found 2 plugins.
Preloading 0 native plugins for Editor in 0,00 ms.
Mono: successfully reloaded assembly
- Completed reload, in  1,098 seconds
Platform modules already initialized, skipping
Refreshing native plugins compatible for Editor in 0,81 ms, found 2 plugins.
Preloading 0 native plugins for Editor in 0,00 ms.
Unloading 1735 Unused Serialized files (Serialized files now loaded: 0)
System memory in use before: 69,7 MB.
System memory in use after: 69,7 MB.

Unloading 22 unused Assets to reduce memory usage. Loaded Objects now: 2281.
Total: 4,245402 ms (FindLiveObjects: 0,466064 ms CreateObjectMapping: 0,058199 ms MarkObjects: 3,508259 ms  DeleteObjects: 0,211487 ms)

========================================================================
Received Prepare
Registering precompiled user dll's ...
Registered in 0,003002 seconds.
Begin MonoManager ReloadAssembly
Native extension for LinuxStandalone target not found
Refreshing native plugins compatible for Editor in 0,61 ms, found 2 plugins.
Preloading 0 native plugins for Editor in 0,00 ms.
Mono: successfully reloaded assembly
- Completed reload, in  1,105 seconds
Platform modules already initialized, skipping
Refreshing native plugins compatible for Editor in 0,97 ms, found 2 plugins.
Preloading 0 native plugins for Editor in 0,00 ms.
Unloading 1735 Unused Serialized files (Serialized files now loaded: 0)
System memory in use before: 69,7 MB.
System memory in use after: 69,7 MB.

Unloading 22 unused Assets to reduce memory usage. Loaded Objects now: 2284.
Total: 3,323302 ms (FindLiveObjects: 0,247604 ms CreateObjectMapping: 0,043912 ms MarkObjects: 2,885341 ms  DeleteObjects: 0,145683 ms)

========================================================================
Received Prepare
Registering precompiled user dll's ...
Registered in 0,003387 seconds.
Begin MonoManager ReloadAssembly
Native extension for LinuxStandalone target not found
Refreshing native plugins compatible for Editor in 0,63 ms, found 2 plugins.
Preloading 0 native plugins for Editor in 0,00 ms.
Mono: successfully reloaded assembly
- Completed reload, in  1,084 seconds
Platform modules already initialized, skipping
Refreshing native plugins compatible for Editor in 0,71 ms, found 2 plugins.
Preloading 0 native plugins for Editor in 0,00 ms.
Unloading 1735 Unused Serialized files (Serialized files now loaded: 0)
System memory in use before: 69,7 MB.
System memory in use after: 69,7 MB.

Unloading 22 unused Assets to reduce memory usage. Loaded Objects now: 2287.
Total: 4,710304 ms (FindLiveObjects: 0,260598 ms CreateObjectMapping: 0,044784 ms MarkObjects: 4,151877 ms  DeleteObjects: 0,251652 ms)

========================================================================
Received Prepare
Registering precompiled user dll's ...
Registered in 0,002118 seconds.
Begin MonoManager ReloadAssembly
Native extension for LinuxStandalone target not found
Refreshing native plugins compatible for Editor in 0,72 ms, found 2 plugins.
Preloading 0 native plugins for Editor in 0,00 ms.
Mono: successfully reloaded assembly
- Completed reload, in  0,994 seconds
Platform modules already initialized, skipping
Refreshing native plugins compatible for Editor in 0,75 ms, found 2 plugins.
Preloading 0 native plugins for Editor in 0,00 ms.
Unloading 1735 Unused Serialized files (Serialized files now loaded: 0)
System memory in use before: 69,7 MB.
System memory in use after: 69,7 MB.

Unloading 22 unused Assets to reduce memory usage. Loaded Objects now: 2290.
Total: 4,329179 ms (FindLiveObjects: 0,271259 ms CreateObjectMapping: 0,043942 ms MarkObjects: 3,694990 ms  DeleteObjects: 0,317586 ms)

========================================================================
Received Prepare
Registering precompiled user dll's ...
Registered in 0,002680 seconds.
Begin MonoManager ReloadAssembly
Native extension for LinuxStandalone target not found
Refreshing native plugins compatible for Editor in 0,62 ms, found 2 plugins.
Preloading 0 native plugins for Editor in 0,00 ms.
Mono: successfully reloaded assembly
- Completed reload, in  1,094 seconds
Platform modules already initialized, skipping
Refreshing native plugins compatible for Editor in 0,68 ms, found 2 plugins.
Preloading 0 native plugins for Editor in 0,00 ms.
Unloading 1735 Unused Serialized files (Serialized files now loaded: 0)
System memory in use before: 69,8 MB.
System memory in use after: 69,8 MB.

Unloading 22 unused Assets to reduce memory usage. Loaded Objects now: 2293.
Total: 5,398464 ms (FindLiveObjects: 0,238507 ms CreateObjectMapping: 0,074630 ms MarkObjects: 4,804280 ms  DeleteObjects: 0,278512 ms)

========================================================================
Received Prepare
Registering precompiled user dll's ...
Registered in 0,002937 seconds.
Begin MonoManager ReloadAssembly
Native extension for LinuxStandalone target not found
Refreshing native plugins compatible for Editor in 0,88 ms, found 2 plugins.
Preloading 0 native plugins for Editor in 0,00 ms.
Mono: successfully reloaded assembly
- Completed reload, in  1,123 seconds
Platform modules already initialized, skipping
Refreshing native plugins compatible for Editor in 0,84 ms, found 2 plugins.
Preloading 0 native plugins for Editor in 0,00 ms.
Unloading 1735 Unused Serialized files (Serialized files now loaded: 0)
System memory in use before: 69,8 MB.
System memory in use after: 69,8 MB.

Unloading 22 unused Assets to reduce memory usage. Loaded Objects now: 2296.
Total: 3,572951 ms (FindLiveObjects: 0,194855 ms CreateObjectMapping: 0,035717 ms MarkObjects: 3,098271 ms  DeleteObjects: 0,242746 ms)

========================================================================
Received Prepare
Registering precompiled user dll's ...
Registered in 0,004062 seconds.
Begin MonoManager ReloadAssembly
Native extension for LinuxStandalone target not found
Refreshing native plugins compatible for Editor in 0,65 ms, found 2 plugins.
Preloading 0 native plugins for Editor in 0,00 ms.
Mono: successfully reloaded assembly
- Completed reload, in  1,087 seconds
Platform modules already initialized, skipping
Refreshing native plugins compatible for Editor in 1,08 ms, found 2 plugins.
Preloading 0 native plugins for Editor in 0,00 ms.
Unloading 1735 Unused Serialized files (Serialized files now loaded: 0)
System memory in use before: 69,8 MB.
System memory in use after: 69,8 MB.

Unloading 22 unused Assets to reduce memory usage. Loaded Objects now: 2299.
Total: 4,187423 ms (FindLiveObjects: 0,229681 ms CreateObjectMapping: 0,035847 ms MarkObjects: 3,758468 ms  DeleteObjects: 0,162374 ms)

========================================================================
Received Prepare
Registering precompiled user dll's ...
Registered in 0,003206 seconds.
Begin MonoManager ReloadAssembly
Native extension for LinuxStandalone target not found
Refreshing native plugins compatible for Editor in 0,76 ms, found 2 plugins.
Preloading 0 native plugins for Editor in 0,00 ms.
Mono: successfully reloaded assembly
- Completed reload, in  1,186 seconds
Platform modules already initialized, skipping
Refreshing native plugins compatible for Editor in 0,72 ms, found 2 plugins.
Preloading 0 native plugins for Editor in 0,00 ms.
Unloading 1735 Unused Serialized files (Serialized files now loaded: 0)
System memory in use before: 69,8 MB.
System memory in use after: 69,8 MB.

Unloading 22 unused Assets to reduce memory usage. Loaded Objects now: 2302.
Total: 5,672278 ms (FindLiveObjects: 0,442640 ms CreateObjectMapping: 0,061806 ms MarkObjects: 4,962497 ms  DeleteObjects: 0,202059 ms)

========================================================================
Received Prepare
Registering precompiled user dll's ...
Registered in 0,002804 seconds.
Begin MonoManager ReloadAssembly
Native extension for LinuxStandalone target not found
Refreshing native plugins compatible for Editor in 0,76 ms, found 2 plugins.
Preloading 0 native plugins for Editor in 0,00 ms.
Mono: successfully reloaded assembly
- Completed reload, in  1,222 seconds
Platform modules already initialized, skipping
Refreshing native plugins compatible for Editor in 1,13 ms, found 2 plugins.
Preloading 0 native plugins for Editor in 0,00 ms.
Unloading 1735 Unused Serialized files (Serialized files now loaded: 0)
System memory in use before: 69,8 MB.
System memory in use after: 69,8 MB.

Unloading 22 unused Assets to reduce memory usage. Loaded Objects now: 2305.
Total: 5,001029 ms (FindLiveObjects: 0,402234 ms CreateObjectMapping: 0,051938 ms MarkObjects: 4,369705 ms  DeleteObjects: 0,176080 ms)

========================================================================
Received Prepare
Registering precompiled user dll's ...
Registered in 0,002897 seconds.
Begin MonoManager ReloadAssembly
Native extension for LinuxStandalone target not found
Refreshing native plugins compatible for Editor in 0,71 ms, found 2 plugins.
Preloading 0 native plugins for Editor in 0,00 ms.
Mono: successfully reloaded assembly
- Completed reload, in  1,104 seconds
Platform modules already initialized, skipping
Refreshing native plugins compatible for Editor in 0,48 ms, found 2 plugins.
Preloading 0 native plugins for Editor in 0,00 ms.
Unloading 1735 Unused Serialized files (Serialized files now loaded: 0)
System memory in use before: 69,8 MB.
System memory in use after: 69,8 MB.

Unloading 22 unused Assets to reduce memory usage. Loaded Objects now: 2308.
Total: 3,997086 ms (FindLiveObjects: 0,200907 ms CreateObjectMapping: 0,062137 ms MarkObjects: 3,575275 ms  DeleteObjects: 0,157766 ms)

========================================================================
Received Prepare
Registering precompiled user dll's ...
Registered in 0,003010 seconds.
Begin MonoManager ReloadAssembly
Native extension for LinuxStandalone target not found
Refreshing native plugins compatible for Editor in 1,23 ms, found 2 plugins.
Preloading 0 native plugins for Editor in 0,00 ms.
Mono: successfully reloaded assembly
- Completed reload, in  1,054 seconds
Platform modules already initialized, skipping
Refreshing native plugins compatible for Editor in 0,74 ms, found 2 plugins.
Preloading 0 native plugins for Editor in 0,00 ms.
Unloading 1735 Unused Serialized files (Serialized files now loaded: 0)
System memory in use before: 69,8 MB.
System memory in use after: 69,8 MB.

Unloading 22 unused Assets to reduce memory usage. Loaded Objects now: 2311.
Total: 4,516169 ms (FindLiveObjects: 0,232275 ms CreateObjectMapping: 0,063279 ms MarkObjects: 4,062258 ms  DeleteObjects: 0,156994 ms)

========================================================================
Received Prepare
Registering precompiled user dll's ...
Registered in 0,003036 seconds.
Begin MonoManager ReloadAssembly
Native extension for LinuxStandalone target not found
Refreshing native plugins compatible for Editor in 0,76 ms, found 2 plugins.
Preloading 0 native plugins for Editor in 0,00 ms.
Mono: successfully reloaded assembly
- Completed reload, in  1,083 seconds
Platform modules already initialized, skipping
Refreshing native plugins compatible for Editor in 0,40 ms, found 2 plugins.
Preloading 0 native plugins for Editor in 0,00 ms.
Unloading 1735 Unused Serialized files (Serialized files now loaded: 0)
System memory in use before: 69,8 MB.
System memory in use after: 69,8 MB.

Unloading 22 unused Assets to reduce memory usage. Loaded Objects now: 2314.
Total: 3,612395 ms (FindLiveObjects: 0,327865 ms CreateObjectMapping: 0,062156 ms MarkObjects: 3,029512 ms  DeleteObjects: 0,191069 ms)

========================================================================
Received Prepare
Registering precompiled user dll's ...
Registered in 0,002984 seconds.
Begin MonoManager ReloadAssembly
Native extension for LinuxStandalone target not found
Refreshing native plugins compatible for Editor in 1,36 ms, found 2 plugins.
Preloading 0 native plugins for Editor in 0,00 ms.
Mono: successfully reloaded assembly
- Completed reload, in  1,173 seconds
Platform modules already initialized, skipping
Refreshing native plugins compatible for Editor in 0,95 ms, found 2 plugins.
Preloading 0 native plugins for Editor in 0,00 ms.
Unloading 1735 Unused Serialized files (Serialized files now loaded: 0)
System memory in use before: 69,8 MB.
System memory in use after: 69,8 MB.

Unloading 22 unused Assets to reduce memory usage. Loaded Objects now: 2317.
Total: 19,103156 ms (FindLiveObjects: 1,047965 ms CreateObjectMapping: 0,069130 ms MarkObjects: 17,766709 ms  DeleteObjects: 0,217849 ms)

========================================================================
Received Prepare
Registering precompiled user dll's ...
Registered in 0,001869 seconds.
Begin MonoManager ReloadAssembly
Native extension for LinuxStandalone target not found
Refreshing native plugins compatible for Editor in 0,61 ms, found 2 plugins.
Preloading 0 native plugins for Editor in 0,00 ms.
Mono: successfully reloaded assembly
- Completed reload, in  1,156 seconds
Platform modules already initialized, skipping
Refreshing native plugins compatible for Editor in 0,73 ms, found 2 plugins.
Preloading 0 native plugins for Editor in 0,00 ms.
Unloading 1735 Unused Serialized files (Serialized files now loaded: 0)
System memory in use before: 69,8 MB.
System memory in use after: 69,8 MB.

Unloading 22 unused Assets to reduce memory usage. Loaded Objects now: 2320.
Total: 4,776488 ms (FindLiveObjects: 0,282320 ms CreateObjectMapping: 0,046126 ms MarkObjects: 4,279095 ms  DeleteObjects: 0,167795 ms)

========================================================================
Received Prepare
Registering precompiled user dll's ...
Registered in 0,003014 seconds.
Begin MonoManager ReloadAssembly
Native extension for LinuxStandalone target not found
Refreshing native plugins compatible for Editor in 0,43 ms, found 2 plugins.
Preloading 0 native plugins for Editor in 0,00 ms.
Mono: successfully reloaded assembly
- Completed reload, in  1,086 seconds
Platform modules already initialized, skipping
Refreshing native plugins compatible for Editor in 0,62 ms, found 2 plugins.
Preloading 0 native plugins for Editor in 0,00 ms.
Unloading 1735 Unused Serialized files (Serialized files now loaded: 0)
System memory in use before: 69,8 MB.
System memory in use after: 69,8 MB.

Unloading 22 unused Assets to reduce memory usage. Loaded Objects now: 2323.
Total: 3,937505 ms (FindLiveObjects: 0,236644 ms CreateObjectMapping: 0,043452 ms MarkObjects: 3,399986 ms  DeleteObjects: 0,256592 ms)

========================================================================
Received Prepare
Registering precompiled user dll's ...
Registered in 0,002032 seconds.
Begin MonoManager ReloadAssembly
Native extension for LinuxStandalone target not found
Refreshing native plugins compatible for Editor in 0,86 ms, found 2 plugins.
Preloading 0 native plugins for Editor in 0,00 ms.
Mono: successfully reloaded assembly
- Completed reload, in  1,223 seconds
Platform modules already initialized, skipping
Refreshing native plugins compatible for Editor in 0,95 ms, found 2 plugins.
Preloading 0 native plugins for Editor in 0,00 ms.
Unloading 1735 Unused Serialized files (Serialized files now loaded: 0)
System memory in use before: 69,8 MB.
System memory in use after: 69,8 MB.

Unloading 22 unused Assets to reduce memory usage. Loaded Objects now: 2326.
Total: 7,418853 ms (FindLiveObjects: 0,220825 ms CreateObjectMapping: 0,047769 ms MarkObjects: 6,927452 ms  DeleteObjects: 0,221505 ms)

========================================================================
Received Prepare
Registering precompiled user dll's ...
Registered in 0,003135 seconds.
Begin MonoManager ReloadAssembly
Native extension for LinuxStandalone target not found
Refreshing native plugins compatible for Editor in 0,74 ms, found 2 plugins.
Preloading 0 native plugins for Editor in 0,00 ms.
Mono: successfully reloaded assembly
- Completed reload, in  1,069 seconds
Platform modules already initialized, skipping
Refreshing native plugins compatible for Editor in 1,15 ms, found 2 plugins.
Preloading 0 native plugins for Editor in 0,00 ms.
Unloading 1735 Unused Serialized files (Serialized files now loaded: 0)
System memory in use before: 69,8 MB.
System memory in use after: 69,8 MB.

Unloading 22 unused Assets to reduce memory usage. Loaded Objects now: 2329.
Total: 5,483083 ms (FindLiveObjects: 0,270487 ms CreateObjectMapping: 0,046647 ms MarkObjects: 4,966755 ms  DeleteObjects: 0,197570 ms)

========================================================================
Received Prepare
Registering precompiled user dll's ...
Registered in 0,002410 seconds.
Begin MonoManager ReloadAssembly
Native extension for LinuxStandalone target not found
Refreshing native plugins compatible for Editor in 0,74 ms, found 2 plugins.
Preloading 0 native plugins for Editor in 0,00 ms.
Mono: successfully reloaded assembly
- Completed reload, in  1,038 seconds
Platform modules already initialized, skipping
Refreshing native plugins compatible for Editor in 0,54 ms, found 2 plugins.
Preloading 0 native plugins for Editor in 0,00 ms.
Unloading 1735 Unused Serialized files (Serialized files now loaded: 0)
System memory in use before: 69,8 MB.
System memory in use after: 69,8 MB.

Unloading 22 unused Assets to reduce memory usage. Loaded Objects now: 2332.
Total: 3,635408 ms (FindLiveObjects: 0,210675 ms CreateObjectMapping: 0,058290 ms MarkObjects: 3,234686 ms  DeleteObjects: 0,130525 ms)

========================================================================
Received Prepare
Registering precompiled user dll's ...
Registered in 0,001811 seconds.
Begin MonoManager ReloadAssembly
Native extension for LinuxStandalone target not found
Refreshing native plugins compatible for Editor in 0,70 ms, found 2 plugins.
Preloading 0 native plugins for Editor in 0,00 ms.
Mono: successfully reloaded assembly
- Completed reload, in  1,244 seconds
Platform modules already initialized, skipping
Refreshing native plugins compatible for Editor in 0,71 ms, found 2 plugins.
Preloading 0 native plugins for Editor in 0,00 ms.
Unloading 1735 Unused Serialized files (Serialized files now loaded: 0)
System memory in use before: 69,8 MB.
System memory in use after: 69,8 MB.

Unloading 22 unused Assets to reduce memory usage. Loaded Objects now: 2335.
Total: 4,658417 ms (FindLiveObjects: 0,253496 ms CreateObjectMapping: 0,047849 ms MarkObjects: 4,187614 ms  DeleteObjects: 0,168486 ms)

========================================================================
Received Prepare
Registering precompiled user dll's ...
Registered in 0,001898 seconds.
Begin MonoManager ReloadAssembly
Native extension for LinuxStandalone target not found
Refreshing native plugins compatible for Editor in 0,69 ms, found 2 plugins.
Preloading 0 native plugins for Editor in 0,00 ms.
Mono: successfully reloaded assembly
- Completed reload, in  1,163 seconds
Platform modules already initialized, skipping
Refreshing native plugins compatible for Editor in 0,60 ms, found 2 plugins.
Preloading 0 native plugins for Editor in 0,00 ms.
Unloading 1735 Unused Serialized files (Serialized files now loaded: 0)
System memory in use before: 69,8 MB.
System memory in use after: 69,8 MB.

Unloading 22 unused Assets to reduce memory usage. Loaded Objects now: 2338.
Total: 3,356224 ms (FindLiveObjects: 0,224150 ms CreateObjectMapping: 0,059211 ms MarkObjects: 2,928222 ms  DeleteObjects: 0,143429 ms)

AssetImportWorkerClient::OnTransportError - code=2 error=End of file
